C51 COMPILER V9.56.0.0   MAIN                                                              08/10/2020 16:50:52 PAGE 1   


C51 COMPILER V9.56.0.0, COMPILATION OF MODULE MAIN
OBJECT MODULE PLACED IN .\Objects\main.obj
COMPILER INVOKED BY: E:\keil5_C51\C51\BIN\C51.EXE main.c OPTIMIZE(8,SPEED) BROWSE DEBUG OBJECTEXTEND PRINT(.\Listings\ma
                    -in.lst) TABS(2) OBJECT(.\Objects\main.obj)

line level    source

   1          #include <reg52.h>
   2          #include <intrins.h>
   3          #include <LCD12864.h>
   4          
   5          //×ÖÄ£
   6          uint8 code ch1[]=
   7          {
   8          0x00,0xFC,0x04,0x04,0xFC,0x00,0x00,0xFF,0x88,0x48,0x00,0x7F,0x88,0x84,0xE2,0x00,
   9          0x00,0x0F,0x04,0x04,0x0F,0x00,0x04,0x05,0x04,0x04,0xFF,0x04,0x04,0x04,0x04,0x00,/*"ßÙ",0*/
  10          
  11          0xFC,0x04,0x04,0xFC,0x00,0xFE,0x92,0x92,0x92,0xFE,0x92,0x92,0x92,0xFE,0x00,0x00,
  12          0x0F,0x04,0x04,0x0F,0x40,0x44,0x44,0x44,0x44,0x7F,0x44,0x44,0x44,0x44,0x40,0x00,/*"Á¨",1*/
  13          
  14          0x80,0x80,0x82,0x82,0x82,0x82,0x82,0xFE,0x82,0x82,0x82,0x82,0x82,0x80,0x80,0x00,
  15          0x00,0x00,0x00,0x00,0x00,0x00,0x00,0xFF,0x00,0x00,0x00,0x00,0x00,0x00,0x00,0x00,/*"¸É",2*/
  16          
  17          0x10,0x10,0xD0,0xFF,0x50,0x90,0x04,0x04,0x84,0xE4,0x1C,0x84,0x04,0x04,0x04,0x00,
  18          0x04,0x03,0x00,0xFF,0x00,0x04,0x02,0x01,0x00,0xFF,0x00,0x00,0x01,0x06,0x00,0x00,/*"±­",3*/
  19          };
  20          //Í¼Ïñ
  21          uint8 code image1[]=
  22          {0x00,0x00,0x80,0xC0,0xE0,0xE0,0xE0,0xE0,0xE6,0xEE,0xFE,0xFC,0xF8,0xE0,0xE0,0xE0,
  23          0xE0,0xE0,0xF8,0xFC,0xFE,0xEE,0xE6,0xE0,0xE0,0xE0,0xE0,0xC0,0x80,0x00,0x00,0x00,
  24          0x00,0xFF,0xFF,0xFF,0xFF,0x01,0xC1,0xC1,0xE1,0xE1,0xE1,0xE1,0xE1,0x01,0x01,0x01,
  25          0x01,0x01,0xE1,0xE1,0xE1,0xE1,0xE1,0xC1,0xC1,0x01,0xFF,0xFF,0xFF,0xFE,0x00,0x00,
  26          0x00,0xFF,0xFF,0xFF,0xFF,0x00,0x01,0x01,0x01,0x01,0x00,0x10,0x70,0x60,0x70,0x38,
  27          0x60,0x60,0x30,0x00,0x00,0x01,0x01,0x01,0x01,0x00,0xFF,0xFF,0xFF,0xFF,0x00,0x00,
  28          0x00,0x03,0x0F,0x1F,0x1F,0x3E,0x3E,0x7C,0x7C,0x7C,0x3C,0x3C,0x3C,0x3C,0x3C,0x3C,
  29          0x3C,0x3C,0x3C,0x3C,0x3C,0x7C,0x7C,0x7C,0x3C,0x3E,0x1F,0x1F,0x0F,0x03,0x00,0x00};
  30          
  31          
  32          void main()
  33          {
  34   1        InitLCD();
  35   1        ClearScreen(0);
  36   1        Set_line(0);
  37   1        
  38   1        show_ch(1,4,2*16,ch1+32*0);
  39   1        show_ch(1,4,3*16,ch1+32*1);
  40   1        show_ch(2,4,0*16,ch1+32*0);
  41   1        show_ch(2,4,1*16,ch1+32*1);
  42   1        show_ch(2,4,2*16,ch1+32*2);
  43   1        show_ch(2,4,3*16,ch1+32*3);
  44   1        show_im(1,2,0*16,image1);
  45   1        while(1)
  46   1        {};
  47   1      }


MODULE INFORMATION:   STATIC OVERLAYABLE
   CODE SIZE        =    141    ----
   CONSTANT SIZE    =    256    ----
   XDATA SIZE       =   ----    ----
   PDATA SIZE       =   ----    ----
C51 COMPILER V9.56.0.0   MAIN                                                              08/10/2020 16:50:52 PAGE 2   

   DATA SIZE        =   ----    ----
   IDATA SIZE       =   ----    ----
   BIT SIZE         =   ----    ----
END OF MODULE INFORMATION.


C51 COMPILATION COMPLETE.  0 WARNING(S),  0 ERROR(S)
