[2021-01-19 11:35:23]	[done]
	build successfully !

[2021-01-19 11:46:29]	[done]
	build successfully !

[2021-01-19 11:46:35]	[done]
	build successfully !

[2021-01-19 11:46:58]	[done]
	build successfully !

[2021-01-19 11:50:01]	compilation failed at : "c:\Users\Varocol\Desktop\单片机\lesson1_1\src\DHT11串口.c", exit code: 2
   在 unify_builder.Program.Main(String[] args)

[2021-01-19 11:50:23]	compilation failed at : "c:\Users\Varocol\Desktop\单片机\lesson1_1\src\DHT11液晶显示.c", exit code: 2
   在 unify_builder.Program.Main(String[] args)

[2021-01-19 11:50:39]	[done]
	build successfully !

[2021-01-19 11:52:00]	[done]
	build successfully !

[2021-01-19 11:52:14]	compilation failed at : "c:\Users\Varocol\Desktop\单片机\lesson1_1\src\12864字库.c", exit code: 2
   在 unify_builder.Program.Main(String[] args)

[2021-01-19 11:52:40]	[done]
	build successfully !

[2021-01-19 11:53:35]	[done]
	build successfully !

[2021-01-19 11:54:44]	[done]
	build successfully !

[2021-01-19 12:00:50]	[done]
	build successfully !

[2021-01-19 15:33:38]	[done]
	build successfully !

[2021-01-19 15:43:01]	[done]
	build successfully !

[2021-01-19 15:52:33]	[done]
	build successfully !

[2021-01-20 10:16:42]	[done]
	build successfully !

[2021-01-20 10:16:57]	[done]
	build successfully !

[2021-01-20 10:17:05]	[done]
	build successfully !

[2021-01-20 10:27:00]	[done]
	build successfully !

[2021-01-20 10:28:17]	[done]
	build successfully !

[2021-01-20 18:46:37]	compilation failed at : "c:\Users\Varocol\Desktop\单片机\lesson1_1\src\DS1302.c", exit code: 2
   在 unify_builder.Program.Main(String[] args)

[2021-01-20 18:47:57]	compilation failed at : "c:\Users\Varocol\Desktop\单片机\lesson1_1\src\DS1302.c", exit code: 2
   在 unify_builder.Program.Main(String[] args)

[2021-01-20 18:48:26]	compilation failed at : "c:\Users\Varocol\Desktop\单片机\lesson1_1\src\DS1302.c", exit code: 2
   在 unify_builder.Program.Main(String[] args)

[2021-01-21 07:58:05]	compilation failed at : "c:\Users\Varocol\Desktop\单片机\lesson1_1\src\DS1302.c", exit code: 2
   在 unify_builder.Program.Main(String[] args)

[2021-01-21 07:58:37]	compilation failed at : "c:\Users\Varocol\Desktop\单片机\lesson1_1\src\DS1302.c", exit code: 2
   在 unify_builder.Program.Main(String[] args)

[2021-01-21 08:04:27]	compilation failed at : "c:\Users\Varocol\Desktop\单片机\lesson1_1\src\DS1302.c", exit code: 2
   在 unify_builder.Program.Main(String[] args)

[2021-01-21 08:05:33]	compilation failed at : "c:\Users\Varocol\Desktop\单片机\lesson1_1\src\DS1302.c", exit code: 2
   在 unify_builder.Program.Main(String[] args)

[2021-01-21 08:05:55]	compilation failed at : "c:\Users\Varocol\Desktop\单片机\lesson1_1\src\DS1302.c", exit code: 2
   在 unify_builder.Program.Main(String[] args)

[2021-01-21 08:06:33]	compilation failed at : "c:\Users\Varocol\Desktop\单片机\lesson1_1\src\DS1302.c", exit code: 2
   在 unify_builder.Program.Main(String[] args)

[2021-01-21 08:06:57]	compilation failed at : "c:\Users\Varocol\Desktop\单片机\lesson1_1\src\DS1302.c", exit code: 2
   在 unify_builder.Program.Main(String[] args)

[2021-01-21 08:07:10]	compilation failed at : "c:\Users\Varocol\Desktop\单片机\lesson1_1\src\DS1302.c", exit code: 2
   在 unify_builder.Program.Main(String[] args)

[2021-01-21 08:08:27]	compilation failed at : "c:\Users\Varocol\Desktop\单片机\lesson1_1\src\DS1302.c", exit code: 2
   在 unify_builder.Program.Main(String[] args)

[2021-01-21 08:08:58]	compilation failed at : "c:\Users\Varocol\Desktop\单片机\lesson1_1\src\DS1302.c", exit code: 2
   在 unify_builder.Program.Main(String[] args)

[2021-01-21 08:09:16]	compilation failed at : "c:\Users\Varocol\Desktop\单片机\lesson1_1\src\DS1302.c", exit code: 2
   在 unify_builder.Program.Main(String[] args)

[2021-01-21 08:51:26]	compilation failed at : "c:\Users\Varocol\Desktop\单片机\lesson1_1\src\DS1302.c", exit code: 2
   在 unify_builder.Program.Main(String[] args)

[2021-01-21 08:51:46]	compilation failed at : "c:\Users\Varocol\Desktop\单片机\lesson1_1\src\DS1302.c", exit code: 2
   在 unify_builder.Program.Main(String[] args)

[2021-01-21 08:52:03]	[done]
	build successfully !

[2021-01-21 09:07:39]	compilation failed at : "c:\Users\Varocol\Desktop\单片机\lesson1_1\src\DS1302.c", exit code: 2
   在 unify_builder.Program.Main(String[] args)

[2021-01-21 09:08:08]	compilation failed at : "c:\Users\Varocol\Desktop\单片机\lesson1_1\src\DS1302.c", exit code: 2
   在 unify_builder.Program.Main(String[] args)

[2021-01-21 09:08:47]	compilation failed at : "c:\Users\Varocol\Desktop\单片机\lesson1_1\src\DS1302.c", exit code: 2
   在 unify_builder.Program.Main(String[] args)

[2021-01-21 09:09:11]	[done]
	build successfully !

[2021-01-21 09:15:46]	[done]
	build successfully !

[2021-01-21 09:16:58]	[done]
	build successfully !

[2021-01-21 09:19:32]	[done]
	build successfully !

[2021-01-21 09:21:41]	[done]
	build successfully !

[2021-01-21 09:22:24]	[done]
	build successfully !

[2021-01-21 09:23:15]	[done]
	build successfully !

[2021-01-21 09:24:39]	[done]
	build successfully !

[2021-01-21 10:22:37]	[done]
	build successfully !

[2021-01-21 10:23:10]	[done]
	build successfully !

[2021-01-21 10:30:10]	[done]
	build successfully !

[2021-01-21 10:34:04]	[done]
	build successfully !

[2021-01-21 10:35:45]	[done]
	build successfully !

[2021-01-21 10:36:41]	[done]
	build successfully !

[2021-01-21 10:37:00]	compilation failed at : "c:\Users\Varocol\Desktop\单片机\lesson1_1\src\DS1302.c", exit code: 2
   在 unify_builder.Program.Main(String[] args)

[2021-01-21 10:37:17]	[done]
	build successfully !

[2021-01-21 10:37:52]	[done]
	build successfully !

[2021-01-21 10:38:25]	compilation failed at : "c:\Users\Varocol\Desktop\单片机\lesson1_1\src\DS1302.c", exit code: 2
   在 unify_builder.Program.Main(String[] args)

[2021-01-21 10:38:40]	[done]
	build successfully !

[2021-01-21 10:39:31]	[done]
	build successfully !

[2021-01-21 10:41:45]	[done]
	build successfully !

[2021-01-21 10:42:24]	[done]
	build successfully !

[2021-01-21 10:43:18]	[done]
	build successfully !

[2021-01-21 10:44:18]	[done]
	build successfully !

[2021-01-21 10:44:24]	[done]
	build successfully !

[2021-01-21 10:45:54]	[done]
	build successfully !

[2021-01-21 10:47:47]	[done]
	build successfully !

[2021-01-21 10:48:09]	[done]
	build successfully !

[2021-01-21 10:48:25]	[done]
	build successfully !

[2021-01-21 10:49:01]	[done]
	build successfully !

[2021-01-21 10:49:58]	[done]
	build successfully !

[2021-01-21 10:50:56]	[done]
	build successfully !

[2021-01-21 10:54:21]	[done]
	build successfully !

[2021-01-21 10:55:26]	[done]
	build successfully !

[2021-01-21 10:59:44]	[done]
	build successfully !

[2021-01-21 11:00:09]	[done]
	build successfully !

[2021-01-21 11:03:33]	[done]
	build successfully !

[2021-01-21 11:10:29]	[done]
	build successfully !

[2021-01-21 11:12:03]	[done]
	build successfully !

[2021-01-21 11:13:06]	[done]
	build successfully !

[2021-01-21 11:32:31]	[done]
	build successfully !

[2021-01-21 11:34:53]	[done]
	build successfully !

[2021-01-21 11:39:56]	[done]
	build successfully !

[2021-01-21 11:40:42]	[done]
	build successfully !

[2021-01-21 11:40:59]	[done]
	build successfully !

[2021-01-21 11:41:28]	[done]
	build successfully !

[2021-01-21 11:42:14]	[done]
	build successfully !

